{"/home/runner/work/Gulp/Gulp/src/main/preload.js": {"path":"/home/runner/work/Gulp/Gulp/src/main/preload.js","statementMap":{"0":{"start":{"line":1,"column":39},"end":{"line":1,"column":58}},"1":{"start":{"line":12,"column":2},"end":{"line":12,"column":null}},"2":{"start":{"line":24,"column":18},"end":{"line":24,"column":55}},"3":{"start":{"line":24,"column":39},"end":{"line":24,"column":55}},"4":{"start":{"line":25,"column":2},"end":{"line":25,"column":null}},"5":{"start":{"line":26,"column":2},"end":{"line":26,"column":null}},"6":{"start":{"line":26,"column":15},"end":{"line":26,"column":59}},"7":{"start":{"line":35,"column":0},"end":{"line":141,"column":null}},"8":{"start":{"line":39,"column":26},"end":{"line":39,"column":53}},"9":{"start":{"line":40,"column":26},"end":{"line":40,"column":50}},"10":{"start":{"line":41,"column":26},"end":{"line":41,"column":52}},"11":{"start":{"line":43,"column":26},"end":{"line":43,"column":64}},"12":{"start":{"line":44,"column":26},"end":{"line":44,"column":65}},"13":{"start":{"line":45,"column":26},"end":{"line":45,"column":62}},"14":{"start":{"line":46,"column":26},"end":{"line":46,"column":63}},"15":{"start":{"line":47,"column":26},"end":{"line":47,"column":64}},"16":{"start":{"line":53,"column":26},"end":{"line":53,"column":55}},"17":{"start":{"line":54,"column":26},"end":{"line":54,"column":53}},"18":{"start":{"line":55,"column":26},"end":{"line":55,"column":53}},"19":{"start":{"line":56,"column":26},"end":{"line":56,"column":52}},"20":{"start":{"line":61,"column":26},"end":{"line":61,"column":50}},"21":{"start":{"line":62,"column":26},"end":{"line":62,"column":52}},"22":{"start":{"line":67,"column":28},"end":{"line":67,"column":57}},"23":{"start":{"line":68,"column":28},"end":{"line":68,"column":63}},"24":{"start":{"line":73,"column":27},"end":{"line":73,"column":61}},"25":{"start":{"line":74,"column":27},"end":{"line":74,"column":57}},"26":{"start":{"line":75,"column":27},"end":{"line":75,"column":56}},"27":{"start":{"line":76,"column":27},"end":{"line":76,"column":59}},"28":{"start":{"line":77,"column":27},"end":{"line":77,"column":58}},"29":{"start":{"line":82,"column":27},"end":{"line":82,"column":55}},"30":{"start":{"line":85,"column":27},"end":{"line":85,"column":50}},"31":{"start":{"line":86,"column":27},"end":{"line":86,"column":52}},"32":{"start":{"line":87,"column":27},"end":{"line":87,"column":60}},"33":{"start":{"line":88,"column":27},"end":{"line":88,"column":59}},"34":{"start":{"line":93,"column":27},"end":{"line":93,"column":56}},"35":{"start":{"line":94,"column":27},"end":{"line":94,"column":55}},"36":{"start":{"line":95,"column":27},"end":{"line":95,"column":58}},"37":{"start":{"line":96,"column":27},"end":{"line":96,"column":57}},"38":{"start":{"line":101,"column":27},"end":{"line":101,"column":58}},"39":{"start":{"line":106,"column":29},"end":{"line":106,"column":63}},"40":{"start":{"line":107,"column":29},"end":{"line":107,"column":58}},"41":{"start":{"line":108,"column":29},"end":{"line":108,"column":50}},"42":{"start":{"line":113,"column":29},"end":{"line":113,"column":68}},"43":{"start":{"line":114,"column":29},"end":{"line":114,"column":67}},"44":{"start":{"line":115,"column":29},"end":{"line":115,"column":62}},"45":{"start":{"line":120,"column":27},"end":{"line":120,"column":56}},"46":{"start":{"line":121,"column":27},"end":{"line":121,"column":61}},"47":{"start":{"line":122,"column":27},"end":{"line":122,"column":63}},"48":{"start":{"line":123,"column":27},"end":{"line":123,"column":60}},"49":{"start":{"line":128,"column":27},"end":{"line":128,"column":54}},"50":{"start":{"line":129,"column":27},"end":{"line":129,"column":55}},"51":{"start":{"line":130,"column":27},"end":{"line":130,"column":53}},"52":{"start":{"line":131,"column":27},"end":{"line":131,"column":54}},"53":{"start":{"line":132,"column":27},"end":{"line":132,"column":53}},"54":{"start":{"line":137,"column":27},"end":{"line":137,"column":47}},"55":{"start":{"line":138,"column":27},"end":{"line":138,"column":52}},"56":{"start":{"line":139,"column":27},"end":{"line":139,"column":50}},"57":{"start":{"line":147,"column":0},"end":{"line":153,"column":null}}},"fnMap":{"0":{"name":"invoke","decl":{"start":{"line":11,"column":9},"end":{"line":11,"column":15}},"loc":{"start":{"line":11,"column":31},"end":{"line":13,"column":null}},"line":11},"1":{"name":"onPush","decl":{"start":{"line":23,"column":9},"end":{"line":23,"column":15}},"loc":{"start":{"line":23,"column":34},"end":{"line":27,"column":null}},"line":23},"2":{"name":"(anonymous_2)","decl":{"start":{"line":24,"column":18},"end":{"line":24,"column":19}},"loc":{"start":{"line":24,"column":39},"end":{"line":24,"column":55}},"line":24},"3":{"name":"(anonymous_3)","decl":{"start":{"line":26,"column":9},"end":{"line":26,"column":10}},"loc":{"start":{"line":26,"column":15},"end":{"line":26,"column":59}},"line":26},"4":{"name":"(anonymous_4)","decl":{"start":{"line":39,"column":13},"end":{"line":39,"column":14}},"loc":{"start":{"line":39,"column":26},"end":{"line":39,"column":53}},"line":39},"5":{"name":"(anonymous_5)","decl":{"start":{"line":40,"column":13},"end":{"line":40,"column":14}},"loc":{"start":{"line":40,"column":26},"end":{"line":40,"column":50}},"line":40},"6":{"name":"(anonymous_6)","decl":{"start":{"line":41,"column":13},"end":{"line":41,"column":14}},"loc":{"start":{"line":41,"column":26},"end":{"line":41,"column":52}},"line":41},"7":{"name":"(anonymous_7)","decl":{"start":{"line":43,"column":15},"end":{"line":43,"column":16}},"loc":{"start":{"line":43,"column":26},"end":{"line":43,"column":64}},"line":43},"8":{"name":"(anonymous_8)","decl":{"start":{"line":44,"column":15},"end":{"line":44,"column":16}},"loc":{"start":{"line":44,"column":26},"end":{"line":44,"column":65}},"line":44},"9":{"name":"(anonymous_9)","decl":{"start":{"line":45,"column":15},"end":{"line":45,"column":16}},"loc":{"start":{"line":45,"column":26},"end":{"line":45,"column":62}},"line":45},"10":{"name":"(anonymous_10)","decl":{"start":{"line":46,"column":18},"end":{"line":46,"column":19}},"loc":{"start":{"line":46,"column":26},"end":{"line":46,"column":63}},"line":46},"11":{"name":"(anonymous_11)","decl":{"start":{"line":47,"column":18},"end":{"line":47,"column":19}},"loc":{"start":{"line":47,"column":26},"end":{"line":47,"column":64}},"line":47},"12":{"name":"(anonymous_12)","decl":{"start":{"line":53,"column":13},"end":{"line":53,"column":14}},"loc":{"start":{"line":53,"column":26},"end":{"line":53,"column":55}},"line":53},"13":{"name":"(anonymous_13)","decl":{"start":{"line":54,"column":13},"end":{"line":54,"column":14}},"loc":{"start":{"line":54,"column":26},"end":{"line":54,"column":53}},"line":54},"14":{"name":"(anonymous_14)","decl":{"start":{"line":55,"column":13},"end":{"line":55,"column":14}},"loc":{"start":{"line":55,"column":26},"end":{"line":55,"column":53}},"line":55},"15":{"name":"(anonymous_15)","decl":{"start":{"line":56,"column":13},"end":{"line":56,"column":14}},"loc":{"start":{"line":56,"column":26},"end":{"line":56,"column":52}},"line":56},"16":{"name":"(anonymous_16)","decl":{"start":{"line":61,"column":13},"end":{"line":61,"column":14}},"loc":{"start":{"line":61,"column":26},"end":{"line":61,"column":50}},"line":61},"17":{"name":"(anonymous_17)","decl":{"start":{"line":62,"column":13},"end":{"line":62,"column":14}},"loc":{"start":{"line":62,"column":26},"end":{"line":62,"column":52}},"line":62},"18":{"name":"(anonymous_18)","decl":{"start":{"line":67,"column":18},"end":{"line":67,"column":19}},"loc":{"start":{"line":67,"column":28},"end":{"line":67,"column":57}},"line":67},"19":{"name":"(anonymous_19)","decl":{"start":{"line":68,"column":18},"end":{"line":68,"column":19}},"loc":{"start":{"line":68,"column":28},"end":{"line":68,"column":63}},"line":68},"20":{"name":"(anonymous_20)","decl":{"start":{"line":73,"column":16},"end":{"line":73,"column":17}},"loc":{"start":{"line":73,"column":27},"end":{"line":73,"column":61}},"line":73},"21":{"name":"(anonymous_21)","decl":{"start":{"line":74,"column":16},"end":{"line":74,"column":17}},"loc":{"start":{"line":74,"column":27},"end":{"line":74,"column":57}},"line":74},"22":{"name":"(anonymous_22)","decl":{"start":{"line":75,"column":16},"end":{"line":75,"column":17}},"loc":{"start":{"line":75,"column":27},"end":{"line":75,"column":56}},"line":75},"23":{"name":"(anonymous_23)","decl":{"start":{"line":76,"column":16},"end":{"line":76,"column":17}},"loc":{"start":{"line":76,"column":27},"end":{"line":76,"column":59}},"line":76},"24":{"name":"(anonymous_24)","decl":{"start":{"line":77,"column":16},"end":{"line":77,"column":17}},"loc":{"start":{"line":77,"column":27},"end":{"line":77,"column":58}},"line":77},"25":{"name":"(anonymous_25)","decl":{"start":{"line":82,"column":15},"end":{"line":82,"column":16}},"loc":{"start":{"line":82,"column":27},"end":{"line":82,"column":55}},"line":82},"26":{"name":"(anonymous_26)","decl":{"start":{"line":85,"column":15},"end":{"line":85,"column":16}},"loc":{"start":{"line":85,"column":27},"end":{"line":85,"column":50}},"line":85},"27":{"name":"(anonymous_27)","decl":{"start":{"line":86,"column":15},"end":{"line":86,"column":16}},"loc":{"start":{"line":86,"column":27},"end":{"line":86,"column":52}},"line":86},"28":{"name":"(anonymous_28)","decl":{"start":{"line":87,"column":15},"end":{"line":87,"column":16}},"loc":{"start":{"line":87,"column":27},"end":{"line":87,"column":60}},"line":87},"29":{"name":"(anonymous_29)","decl":{"start":{"line":88,"column":15},"end":{"line":88,"column":16}},"loc":{"start":{"line":88,"column":27},"end":{"line":88,"column":59}},"line":88},"30":{"name":"(anonymous_30)","decl":{"start":{"line":93,"column":16},"end":{"line":93,"column":17}},"loc":{"start":{"line":93,"column":27},"end":{"line":93,"column":56}},"line":93},"31":{"name":"(anonymous_31)","decl":{"start":{"line":94,"column":16},"end":{"line":94,"column":17}},"loc":{"start":{"line":94,"column":27},"end":{"line":94,"column":55}},"line":94},"32":{"name":"(anonymous_32)","decl":{"start":{"line":95,"column":16},"end":{"line":95,"column":17}},"loc":{"start":{"line":95,"column":27},"end":{"line":95,"column":58}},"line":95},"33":{"name":"(anonymous_33)","decl":{"start":{"line":96,"column":16},"end":{"line":96,"column":17}},"loc":{"start":{"line":96,"column":27},"end":{"line":96,"column":57}},"line":96},"34":{"name":"(anonymous_34)","decl":{"start":{"line":101,"column":15},"end":{"line":101,"column":16}},"loc":{"start":{"line":101,"column":27},"end":{"line":101,"column":58}},"line":101},"35":{"name":"(anonymous_35)","decl":{"start":{"line":106,"column":19},"end":{"line":106,"column":20}},"loc":{"start":{"line":106,"column":29},"end":{"line":106,"column":63}},"line":106},"36":{"name":"(anonymous_36)","decl":{"start":{"line":107,"column":19},"end":{"line":107,"column":20}},"loc":{"start":{"line":107,"column":29},"end":{"line":107,"column":58}},"line":107},"37":{"name":"(anonymous_37)","decl":{"start":{"line":108,"column":19},"end":{"line":108,"column":20}},"loc":{"start":{"line":108,"column":29},"end":{"line":108,"column":50}},"line":108},"38":{"name":"(anonymous_38)","decl":{"start":{"line":113,"column":19},"end":{"line":113,"column":20}},"loc":{"start":{"line":113,"column":29},"end":{"line":113,"column":68}},"line":113},"39":{"name":"(anonymous_39)","decl":{"start":{"line":114,"column":19},"end":{"line":114,"column":20}},"loc":{"start":{"line":114,"column":29},"end":{"line":114,"column":67}},"line":114},"40":{"name":"(anonymous_40)","decl":{"start":{"line":115,"column":19},"end":{"line":115,"column":20}},"loc":{"start":{"line":115,"column":29},"end":{"line":115,"column":62}},"line":115},"41":{"name":"(anonymous_41)","decl":{"start":{"line":120,"column":15},"end":{"line":120,"column":16}},"loc":{"start":{"line":120,"column":27},"end":{"line":120,"column":56}},"line":120},"42":{"name":"(anonymous_42)","decl":{"start":{"line":121,"column":15},"end":{"line":121,"column":16}},"loc":{"start":{"line":121,"column":27},"end":{"line":121,"column":61}},"line":121},"43":{"name":"(anonymous_43)","decl":{"start":{"line":122,"column":15},"end":{"line":122,"column":16}},"loc":{"start":{"line":122,"column":27},"end":{"line":122,"column":63}},"line":122},"44":{"name":"(anonymous_44)","decl":{"start":{"line":123,"column":15},"end":{"line":123,"column":16}},"loc":{"start":{"line":123,"column":27},"end":{"line":123,"column":60}},"line":123},"45":{"name":"(anonymous_45)","decl":{"start":{"line":128,"column":12},"end":{"line":128,"column":13}},"loc":{"start":{"line":128,"column":27},"end":{"line":128,"column":54}},"line":128},"46":{"name":"(anonymous_46)","decl":{"start":{"line":129,"column":12},"end":{"line":129,"column":13}},"loc":{"start":{"line":129,"column":27},"end":{"line":129,"column":55}},"line":129},"47":{"name":"(anonymous_47)","decl":{"start":{"line":130,"column":12},"end":{"line":130,"column":13}},"loc":{"start":{"line":130,"column":27},"end":{"line":130,"column":53}},"line":130},"48":{"name":"(anonymous_48)","decl":{"start":{"line":131,"column":12},"end":{"line":131,"column":13}},"loc":{"start":{"line":131,"column":27},"end":{"line":131,"column":54}},"line":131},"49":{"name":"(anonymous_49)","decl":{"start":{"line":132,"column":12},"end":{"line":132,"column":13}},"loc":{"start":{"line":132,"column":27},"end":{"line":132,"column":53}},"line":132},"50":{"name":"(anonymous_50)","decl":{"start":{"line":137,"column":12},"end":{"line":137,"column":13}},"loc":{"start":{"line":137,"column":27},"end":{"line":137,"column":47}},"line":137},"51":{"name":"(anonymous_51)","decl":{"start":{"line":138,"column":12},"end":{"line":138,"column":13}},"loc":{"start":{"line":138,"column":27},"end":{"line":138,"column":52}},"line":138},"52":{"name":"(anonymous_52)","decl":{"start":{"line":139,"column":12},"end":{"line":139,"column":13}},"loc":{"start":{"line":139,"column":27},"end":{"line":139,"column":50}},"line":139}},"branchMap":{},"s":{"0":24,"1":46,"2":8,"3":8,"4":8,"5":8,"6":8,"7":24,"8":2,"9":1,"10":1,"11":1,"12":1,"13":1,"14":1,"15":1,"16":2,"17":1,"18":1,"19":3,"20":1,"21":1,"22":1,"23":1,"24":1,"25":1,"26":1,"27":1,"28":1,"29":1,"30":1,"31":1,"32":1,"33":1,"34":1,"35":1,"36":1,"37":1,"38":1,"39":1,"40":1,"41":1,"42":1,"43":1,"44":1,"45":1,"46":1,"47":1,"48":1,"49":1,"50":1,"51":1,"52":1,"53":2,"54":1,"55":1,"56":1,"57":24},"f":{"0":46,"1":8,"2":8,"3":8,"4":2,"5":1,"6":1,"7":1,"8":1,"9":1,"10":1,"11":1,"12":2,"13":1,"14":1,"15":3,"16":1,"17":1,"18":1,"19":1,"20":1,"21":1,"22":1,"23":1,"24":1,"25":1,"26":1,"27":1,"28":1,"29":1,"30":1,"31":1,"32":1,"33":1,"34":1,"35":1,"36":1,"37":1,"38":1,"39":1,"40":1,"41":1,"42":1,"43":1,"44":1,"45":1,"46":1,"47":1,"48":1,"49":2,"50":1,"51":1,"52":1},"b":{},"meta":{"lastBranch":0,"lastFunction":53,"lastStatement":58,"seen":{"s:1:39:1:58":0,"f:11:9:11:15":0,"s:12:2:12:Infinity":1,"f:23:9:23:15":1,"s:24:18:24:55":2,"f:24:18:24:19":2,"s:24:39:24:55":3,"s:25:2:25:Infinity":4,"s:26:2:26:Infinity":5,"f:26:9:26:10":3,"s:26:15:26:59":6,"s:35:0:141:Infinity":7,"f:39:13:39:14":4,"s:39:26:39:53":8,"f:40:13:40:14":5,"s:40:26:40:50":9,"f:41:13:41:14":6,"s:41:26:41:52":10,"f:43:15:43:16":7,"s:43:26:43:64":11,"f:44:15:44:16":8,"s:44:26:44:65":12,"f:45:15:45:16":9,"s:45:26:45:62":13,"f:46:18:46:19":10,"s:46:26:46:63":14,"f:47:18:47:19":11,"s:47:26:47:64":15,"f:53:13:53:14":12,"s:53:26:53:55":16,"f:54:13:54:14":13,"s:54:26:54:53":17,"f:55:13:55:14":14,"s:55:26:55:53":18,"f:56:13:56:14":15,"s:56:26:56:52":19,"f:61:13:61:14":16,"s:61:26:61:50":20,"f:62:13:62:14":17,"s:62:26:62:52":21,"f:67:18:67:19":18,"s:67:28:67:57":22,"f:68:18:68:19":19,"s:68:28:68:63":23,"f:73:16:73:17":20,"s:73:27:73:61":24,"f:74:16:74:17":21,"s:74:27:74:57":25,"f:75:16:75:17":22,"s:75:27:75:56":26,"f:76:16:76:17":23,"s:76:27:76:59":27,"f:77:16:77:17":24,"s:77:27:77:58":28,"f:82:15:82:16":25,"s:82:27:82:55":29,"f:85:15:85:16":26,"s:85:27:85:50":30,"f:86:15:86:16":27,"s:86:27:86:52":31,"f:87:15:87:16":28,"s:87:27:87:60":32,"f:88:15:88:16":29,"s:88:27:88:59":33,"f:93:16:93:17":30,"s:93:27:93:56":34,"f:94:16:94:17":31,"s:94:27:94:55":35,"f:95:16:95:17":32,"s:95:27:95:58":36,"f:96:16:96:17":33,"s:96:27:96:57":37,"f:101:15:101:16":34,"s:101:27:101:58":38,"f:106:19:106:20":35,"s:106:29:106:63":39,"f:107:19:107:20":36,"s:107:29:107:58":40,"f:108:19:108:20":37,"s:108:29:108:50":41,"f:113:19:113:20":38,"s:113:29:113:68":42,"f:114:19:114:20":39,"s:114:29:114:67":43,"f:115:19:115:20":40,"s:115:29:115:62":44,"f:120:15:120:16":41,"s:120:27:120:56":45,"f:121:15:121:16":42,"s:121:27:121:61":46,"f:122:15:122:16":43,"s:122:27:122:63":47,"f:123:15:123:16":44,"s:123:27:123:60":48,"f:128:12:128:13":45,"s:128:27:128:54":49,"f:129:12:129:13":46,"s:129:27:129:55":50,"f:130:12:130:13":47,"s:130:27:130:53":51,"f:131:12:131:13":48,"s:131:27:131:54":52,"f:132:12:132:13":49,"s:132:27:132:53":53,"f:137:12:137:13":50,"s:137:27:137:47":54,"f:138:12:138:13":51,"s:138:27:138:52":55,"f:139:12:139:13":52,"s:139:27:139:50":56,"s:147:0:153:Infinity":57}}}
,"/home/runner/work/Gulp/Gulp/src/renderer/js/theme.js": {"path":"/home/runner/work/Gulp/Gulp/src/renderer/js/theme.js","statementMap":{"0":{"start":{"line":1,"column":54},"end":{"line":1,"column":81}},"1":{"start":{"line":3,"column":15},"end":{"line":28,"column":2}},"2":{"start":{"line":30,"column":15},"end":{"line":30,"column":50}},"3":{"start":{"line":32,"column":0},"end":{"line":32,"column":null}}},"fnMap":{},"branchMap":{},"s":{"0":1,"1":1,"2":1,"3":1},"f":{},"b":{},"meta":{"lastBranch":0,"lastFunction":0,"lastStatement":4,"seen":{"s:1:54:1:81":0,"s:3:15:28:2":1,"s:30:15:30:50":2,"s:32:0:32:Infinity":3}}}
}
