{"C:\\Users\\PPL\\source\\repos\\Gulp\\src\\main\\preload.js": {"path":"C:\\Users\\PPL\\source\\repos\\Gulp\\src\\main\\preload.js","statementMap":{"0":{"start":{"line":1,"column":26},"end":{"line":1,"column":45}},"1":{"start":{"line":12,"column":0},"end":{"line":18,"column":3}}},"fnMap":{},"branchMap":{},"s":{"0":0,"1":0},"f":{},"b":{},"meta":{"lastBranch":0,"lastFunction":0,"lastStatement":2,"seen":{"s:1:26:1:45":0,"s:12:0:18:3":1}}}
,"C:\\Users\\PPL\\source\\repos\\Gulp\\src\\renderer\\js\\theme.js": {"path":"C:\\Users\\PPL\\source\\repos\\Gulp\\src\\renderer\\js\\theme.js","statementMap":{"0":{"start":{"line":1,"column":54},"end":{"line":1,"column":81}},"1":{"start":{"line":3,"column":15},"end":{"line":28,"column":2}},"2":{"start":{"line":30,"column":15},"end":{"line":30,"column":50}},"3":{"start":{"line":32,"column":0},"end":{"line":32,"column":24}}},"fnMap":{},"branchMap":{},"s":{"0":1,"1":1,"2":1,"3":1},"f":{},"b":{},"meta":{"lastBranch":0,"lastFunction":0,"lastStatement":4,"seen":{"s:1:54:1:81":0,"s:3:15:28:2":1,"s:30:15:30:50":2,"s:32:0:32:24":3}}}
}
